{"C:\\Users\\ViktarsPc\\Desktop\\Programming\\projects\\nodejs_projects\\payment-exercise\\auth\\src\\index.ts": {"path":"C:\\Users\\ViktarsPc\\Desktop\\Programming\\projects\\nodejs_projects\\payment-exercise\\auth\\src\\index.ts","statementMap":{"0":{"start":{"line":1,"column":0},"end":{"line":1,"column":30}},"1":{"start":{"line":2,"column":0},"end":{"line":2,"column":33}},"2":{"start":{"line":3,"column":0},"end":{"line":3,"column":46}},"3":{"start":{"line":4,"column":0},"end":{"line":4,"column":47}},"4":{"start":{"line":5,"column":0},"end":{"line":5,"column":53}},"5":{"start":{"line":6,"column":0},"end":{"line":6,"column":33}},"6":{"start":{"line":7,"column":0},"end":{"line":7,"column":66}},"7":{"start":{"line":10,"column":12},"end":{"line":10,"column":21}},"8":{"start":{"line":11,"column":0},"end":{"line":11,"column":16}},"9":{"start":{"line":13,"column":0},"end":{"line":13,"column":31}},"10":{"start":{"line":14,"column":0},"end":{"line":14,"column":36}},"11":{"start":{"line":16,"column":0},"end":{"line":16,"column":25}},"12":{"start":{"line":17,"column":0},"end":{"line":17,"column":28}},"13":{"start":{"line":19,"column":0},"end":{"line":27,"column":1}},"14":{"start":{"line":20,"column":2},"end":{"line":26,"column":5}},"15":{"start":{"line":21,"column":4},"end":{"line":23,"column":7}},"16":{"start":{"line":22,"column":6},"end":{"line":22,"column":47}},"17":{"start":{"line":25,"column":6},"end":{"line":25,"column":52}},"18":{"start":{"line":30,"column":0},"end":{"line":30,"column":19}}},"fnMap":{"0":{"name":"(anonymous_1)","decl":{"start":{"line":20,"column":19},"end":{"line":20,"column":22}},"loc":{"start":{"line":20,"column":24},"end":{"line":24,"column":3}}},"1":{"name":"(anonymous_2)","decl":{"start":{"line":21,"column":21},"end":{"line":21,"column":24}},"loc":{"start":{"line":21,"column":26},"end":{"line":23,"column":5}}},"2":{"name":"(anonymous_3)","decl":{"start":{"line":24,"column":11},"end":{"line":24,"column":14}},"loc":{"start":{"line":24,"column":17},"end":{"line":26,"column":3}}}},"branchMap":{"0":{"loc":{"start":{"line":19,"column":0},"end":{"line":27,"column":1}},"type":"if","locations":[{"start":{"line":19,"column":0},"end":{"line":27,"column":1}},{"start":{},"end":{}}]}},"s":{"0":1,"1":1,"2":1,"3":1,"4":1,"5":1,"6":1,"7":1,"8":1,"9":1,"10":1,"11":1,"12":1,"13":1,"14":0,"15":0,"16":0,"17":0,"18":1},"f":{"0":0,"1":0,"2":0},"b":{"0":[0,1]}}
,"C:\\Users\\ViktarsPc\\Desktop\\Programming\\projects\\nodejs_projects\\payment-exercise\\auth\\src\\config\\database.ts": {"path":"C:\\Users\\ViktarsPc\\Desktop\\Programming\\projects\\nodejs_projects\\payment-exercise\\auth\\src\\config\\database.ts","statementMap":{"0":{"start":{"line":57,"column":22},"end":{"line":57,"column":31}},"1":{"start":{"line":1,"column":0},"end":{"line":1,"column":38}},"2":{"start":{"line":2,"column":0},"end":{"line":2,"column":38}},"3":{"start":{"line":3,"column":0},"end":{"line":3,"column":61}},"4":{"start":{"line":4,"column":0},"end":{"line":4,"column":53}},"5":{"start":{"line":5,"column":0},"end":{"line":5,"column":49}},"6":{"start":{"line":8,"column":16},"end":{"line":8,"column":27}},"7":{"start":{"line":9,"column":16},"end":{"line":9,"column":20}},"8":{"start":{"line":10,"column":16},"end":{"line":10,"column":26}},"9":{"start":{"line":11,"column":16},"end":{"line":11,"column":26}},"10":{"start":{"line":12,"column":16},"end":{"line":12,"column":26}},"11":{"start":{"line":15,"column":0},"end":{"line":34,"column":1}},"12":{"start":{"line":16,"column":2},"end":{"line":16,"column":30}},"13":{"start":{"line":19,"column":2},"end":{"line":32,"column":5}},"14":{"start":{"line":38,"column":4},"end":{"line":54,"column":7}},"15":{"start":{"line":39,"column":8},"end":{"line":39,"column":39}},"16":{"start":{"line":40,"column":8},"end":{"line":40,"column":60}},"17":{"start":{"line":42,"column":8},"end":{"line":42,"column":40}},"18":{"start":{"line":43,"column":8},"end":{"line":43,"column":36}},"19":{"start":{"line":44,"column":8},"end":{"line":44,"column":34}},"20":{"start":{"line":46,"column":8},"end":{"line":46,"column":46}},"21":{"start":{"line":47,"column":8},"end":{"line":47,"column":52}},"22":{"start":{"line":49,"column":8},"end":{"line":49,"column":29}},"23":{"start":{"line":50,"column":8},"end":{"line":50,"column":58}},"24":{"start":{"line":53,"column":8},"end":{"line":53,"column":59}}},"fnMap":{"0":{"name":"connectDB","decl":{"start":{"line":37,"column":15},"end":{"line":37,"column":24}},"loc":{"start":{"line":37,"column":24},"end":{"line":55,"column":null}}}},"branchMap":{"0":{"loc":{"start":{"line":15,"column":0},"end":{"line":34,"column":1}},"type":"if","locations":[{"start":{"line":15,"column":0},"end":{"line":34,"column":1}},{"start":{"line":17,"column":7},"end":{"line":34,"column":1}}]}},"s":{"0":1,"1":1,"2":1,"3":1,"4":1,"5":1,"6":1,"7":1,"8":1,"9":1,"10":1,"11":1,"12":1,"13":0,"14":0,"15":0,"16":0,"17":0,"18":0,"19":0,"20":0,"21":0,"22":0,"23":0,"24":0},"f":{"0":0},"b":{"0":[1,0]}}
,"C:\\Users\\ViktarsPc\\Desktop\\Programming\\projects\\nodejs_projects\\payment-exercise\\auth\\src\\config\\seed.ts": {"path":"C:\\Users\\ViktarsPc\\Desktop\\Programming\\projects\\nodejs_projects\\payment-exercise\\auth\\src\\config\\seed.ts","statementMap":{"0":{"start":{"line":3,"column":0},"end":{"line":3,"column":22}},"1":{"start":{"line":1,"column":0},"end":{"line":1,"column":44}},"2":{"start":{"line":4,"column":2},"end":{"line":4,"column":40}},"3":{"start":{"line":6,"column":16},"end":{"line":6,"column":37}},"4":{"start":{"line":7,"column":2},"end":{"line":7,"column":59}},"5":{"start":{"line":8,"column":2},"end":{"line":8,"column":24}},"6":{"start":{"line":8,"column":17},"end":{"line":8,"column":24}},"7":{"start":{"line":10,"column":2},"end":{"line":16,"column":5}},"8":{"start":{"line":18,"column":19},"end":{"line":18,"column":40}},"9":{"start":{"line":20,"column":2},"end":{"line":20,"column":37}},"10":{"start":{"line":21,"column":2},"end":{"line":21,"column":62}}},"fnMap":{"0":{"name":"seedAccounts","decl":{"start":{"line":3,"column":22},"end":{"line":3,"column":34}},"loc":{"start":{"line":3,"column":34},"end":{"line":22,"column":null}}}},"branchMap":{"0":{"loc":{"start":{"line":8,"column":2},"end":{"line":8,"column":24}},"type":"if","locations":[{"start":{"line":8,"column":2},"end":{"line":8,"column":24}},{"start":{},"end":{}}]}},"s":{"0":1,"1":1,"2":0,"3":0,"4":0,"5":0,"6":0,"7":0,"8":0,"9":0,"10":0},"f":{"0":0},"b":{"0":[0,0]}}
,"C:\\Users\\ViktarsPc\\Desktop\\Programming\\projects\\nodejs_projects\\payment-exercise\\auth\\src\\controller\\auth.ts": {"path":"C:\\Users\\ViktarsPc\\Desktop\\Programming\\projects\\nodejs_projects\\payment-exercise\\auth\\src\\controller\\auth.ts","statementMap":{"0":{"start":{"line":1,"column":0},"end":{"line":1,"column":51}},"1":{"start":{"line":2,"column":0},"end":{"line":2,"column":41}},"2":{"start":{"line":3,"column":0},"end":{"line":3,"column":65}},"3":{"start":{"line":4,"column":0},"end":{"line":4,"column":47}},"4":{"start":{"line":6,"column":0},"end":{"line":6,"column":56}},"5":{"start":{"line":7,"column":0},"end":{"line":7,"column":57}},"6":{"start":{"line":10,"column":15},"end":{"line":10,"column":31}},"7":{"start":{"line":169,"column":19},"end":{"line":169,"column":29}},"8":{"start":{"line":12,"column":0},"end":{"line":167,"column":3}},"9":{"start":{"line":21,"column":42},"end":{"line":167,"column":2}},"10":{"start":{"line":30,"column":8},"end":{"line":30,"column":16}},"11":{"start":{"line":34,"column":4},"end":{"line":39,"column":5}},"12":{"start":{"line":35,"column":8},"end":{"line":35,"column":76}},"13":{"start":{"line":38,"column":8},"end":{"line":38,"column":27}},"14":{"start":{"line":41,"column":4},"end":{"line":74,"column":5}},"15":{"start":{"line":43,"column":8},"end":{"line":61,"column":9}},"16":{"start":{"line":44,"column":12},"end":{"line":44,"column":61}},"17":{"start":{"line":45,"column":12},"end":{"line":45,"column":44}},"18":{"start":{"line":50,"column":28},"end":{"line":52,"column":40}},"19":{"start":{"line":56,"column":12},"end":{"line":60,"column":15}},"20":{"start":{"line":65,"column":8},"end":{"line":73,"column":10}},"21":{"start":{"line":77,"column":4},"end":{"line":98,"column":5}},"22":{"start":{"line":78,"column":8},"end":{"line":91,"column":11}},"23":{"start":{"line":78,"column":48},"end":{"line":91,"column":10}},"24":{"start":{"line":79,"column":10},"end":{"line":90,"column":12}},"25":{"start":{"line":93,"column":8},"end":{"line":97,"column":11}},"26":{"start":{"line":101,"column":4},"end":{"line":151,"column":7}},"27":{"start":{"line":101,"column":44},"end":{"line":151,"column":6}},"28":{"start":{"line":103,"column":8},"end":{"line":115,"column":10}},"29":{"start":{"line":118,"column":32},"end":{"line":118,"column":60}},"30":{"start":{"line":119,"column":24},"end":{"line":121,"column":10}},"31":{"start":{"line":123,"column":40},"end":{"line":123,"column":71}},"32":{"start":{"line":124,"column":43},"end":{"line":126,"column":10}},"33":{"start":{"line":127,"column":38},"end":{"line":127,"column":55}},"34":{"start":{"line":130,"column":8},"end":{"line":138,"column":10}},"35":{"start":{"line":141,"column":8},"end":{"line":149,"column":10}},"36":{"start":{"line":157,"column":4},"end":{"line":161,"column":7}}},"fnMap":{"0":{"name":"(anonymous_8)","decl":{"start":{"line":21,"column":4},"end":{"line":21,"column":11}},"loc":{"start":{"line":21,"column":42},"end":{"line":167,"column":2}}},"1":{"name":"(anonymous_9)","decl":{"start":{"line":21,"column":42},"end":{"line":21,"column":null}},"loc":{"start":{"line":21,"column":42},"end":{"line":167,"column":1}}},"2":{"name":"(anonymous_10)","decl":{"start":{"line":78,"column":36},"end":{"line":78,"column":43}},"loc":{"start":{"line":78,"column":48},"end":{"line":91,"column":10}}},"3":{"name":"(anonymous_11)","decl":{"start":{"line":78,"column":48},"end":{"line":78,"column":null}},"loc":{"start":{"line":78,"column":48},"end":{"line":91,"column":9}}},"4":{"name":"(anonymous_12)","decl":{"start":{"line":101,"column":32},"end":{"line":101,"column":39}},"loc":{"start":{"line":101,"column":44},"end":{"line":151,"column":6}}},"5":{"name":"(anonymous_13)","decl":{"start":{"line":101,"column":44},"end":{"line":101,"column":null}},"loc":{"start":{"line":101,"column":44},"end":{"line":151,"column":5}}}},"branchMap":{"0":{"loc":{"start":{"line":41,"column":4},"end":{"line":74,"column":5}},"type":"if","locations":[{"start":{"line":41,"column":4},"end":{"line":74,"column":5}},{"start":{"line":64,"column":9},"end":{"line":74,"column":5}}]},"1":{"loc":{"start":{"line":43,"column":8},"end":{"line":61,"column":9}},"type":"if","locations":[{"start":{"line":43,"column":8},"end":{"line":61,"column":9}},{"start":{"line":48,"column":13},"end":{"line":61,"column":9}}]},"2":{"loc":{"start":{"line":50,"column":28},"end":{"line":52,"column":40}},"type":"cond-expr","locations":[{"start":{"line":51,"column":16},"end":{"line":51,"column":66}},{"start":{"line":52,"column":16},"end":{"line":52,"column":40}}]},"3":{"loc":{"start":{"line":57,"column":28},"end":{"line":57,"column":71}},"type":"cond-expr","locations":[{"start":{"line":57,"column":60},"end":{"line":57,"column":64}},{"start":{"line":57,"column":66},"end":{"line":57,"column":71}}]},"4":{"loc":{"start":{"line":58,"column":29},"end":{"line":58,"column":71}},"type":"cond-expr","locations":[{"start":{"line":58,"column":61},"end":{"line":58,"column":65}},{"start":{"line":58,"column":67},"end":{"line":58,"column":71}}]},"5":{"loc":{"start":{"line":77,"column":4},"end":{"line":98,"column":5}},"type":"if","locations":[{"start":{"line":77,"column":4},"end":{"line":98,"column":5}},{"start":{},"end":{}}]}},"s":{"0":1,"1":1,"2":1,"3":1,"4":1,"5":1,"6":1,"7":1,"8":1,"9":4,"10":4,"11":4,"12":4,"13":0,"14":4,"15":2,"16":1,"17":1,"18":1,"19":1,"20":2,"21":2,"22":1,"23":1,"24":1,"25":1,"26":1,"27":1,"28":1,"29":1,"30":1,"31":1,"32":1,"33":1,"34":1,"35":1,"36":1},"f":{"0":4,"1":4,"2":1,"3":1,"4":1,"5":1},"b":{"0":[2,2],"1":[1,1],"2":[1,0],"3":[1,0],"4":[1,0],"5":[1,1]}}
,"C:\\Users\\ViktarsPc\\Desktop\\Programming\\projects\\nodejs_projects\\payment-exercise\\auth\\src\\controller\\metrics.ts": {"path":"C:\\Users\\ViktarsPc\\Desktop\\Programming\\projects\\nodejs_projects\\payment-exercise\\auth\\src\\controller\\metrics.ts","statementMap":{"0":{"start":{"line":1,"column":0},"end":{"line":1,"column":51}},"1":{"start":{"line":2,"column":0},"end":{"line":2,"column":33}},"2":{"start":{"line":4,"column":15},"end":{"line":4,"column":31}},"3":{"start":{"line":15,"column":19},"end":{"line":15,"column":32}},"4":{"start":{"line":6,"column":0},"end":{"line":13,"column":3}},"5":{"start":{"line":6,"column":61},"end":{"line":13,"column":2}},"6":{"start":{"line":7,"column":4},"end":{"line":12,"column":5}},"7":{"start":{"line":8,"column":8},"end":{"line":8,"column":61}},"8":{"start":{"line":9,"column":8},"end":{"line":9,"column":49}},"9":{"start":{"line":11,"column":8},"end":{"line":11,"column":32}}},"fnMap":{"0":{"name":"(anonymous_8)","decl":{"start":{"line":6,"column":23},"end":{"line":6,"column":30}},"loc":{"start":{"line":6,"column":61},"end":{"line":13,"column":2}}},"1":{"name":"(anonymous_9)","decl":{"start":{"line":6,"column":61},"end":{"line":6,"column":null}},"loc":{"start":{"line":6,"column":61},"end":{"line":13,"column":1}}}},"branchMap":{},"s":{"0":1,"1":1,"2":1,"3":1,"4":1,"5":0,"6":0,"7":0,"8":0,"9":0},"f":{"0":0,"1":0},"b":{}}
,"C:\\Users\\ViktarsPc\\Desktop\\Programming\\projects\\nodejs_projects\\payment-exercise\\auth\\src\\middleware\\metrics.ts": {"path":"C:\\Users\\ViktarsPc\\Desktop\\Programming\\projects\\nodejs_projects\\payment-exercise\\auth\\src\\middleware\\metrics.ts","statementMap":{"0":{"start":{"line":2,"column":0},"end":{"line":2,"column":33}},"1":{"start":{"line":6,"column":35},"end":{"line":11,"column":4}},"2":{"start":{"line":13,"column":42},"end":{"line":30,"column":1}},"3":{"start":{"line":15,"column":16},"end":{"line":15,"column":55}},"4":{"start":{"line":17,"column":4},"end":{"line":27,"column":7}},"5":{"start":{"line":17,"column":32},"end":{"line":27,"column":6}},"6":{"start":{"line":18,"column":8},"end":{"line":18,"column":105}},"7":{"start":{"line":21,"column":24},"end":{"line":21,"column":62}},"8":{"start":{"line":22,"column":20},"end":{"line":22,"column":83}},"9":{"start":{"line":22,"column":46},"end":{"line":22,"column":82}},"10":{"start":{"line":23,"column":8},"end":{"line":25,"column":9}},"11":{"start":{"line":24,"column":10},"end":{"line":24,"column":65}},"12":{"start":{"line":29,"column":4},"end":{"line":29,"column":11}},"13":{"start":{"line":13,"column":13},"end":{"line":13,"column":42}},"14":{"start":{"line":32,"column":13},"end":{"line":32,"column":40}}},"fnMap":{"0":{"name":"(anonymous_8)","decl":{"start":{"line":13,"column":42},"end":{"line":13,"column":43}},"loc":{"start":{"line":13,"column":99},"end":{"line":30,"column":1}}},"1":{"name":"(anonymous_9)","decl":{"start":{"line":17,"column":21},"end":{"line":17,"column":30}},"loc":{"start":{"line":17,"column":32},"end":{"line":27,"column":6}}},"2":{"name":"(anonymous_10)","decl":{"start":{"line":17,"column":32},"end":{"line":17,"column":null}},"loc":{"start":{"line":17,"column":32},"end":{"line":27,"column":5}}},"3":{"name":"(anonymous_11)","decl":{"start":{"line":22,"column":40},"end":{"line":22,"column":41}},"loc":{"start":{"line":22,"column":46},"end":{"line":22,"column":82}}}},"branchMap":{"0":{"loc":{"start":{"line":18,"column":41},"end":{"line":18,"column":68}},"type":"binary-expr","locations":[{"start":{"line":18,"column":41},"end":{"line":18,"column":56}},{"start":{"line":18,"column":60},"end":{"line":18,"column":68}}]},"1":{"loc":{"start":{"line":18,"column":41},"end":{"line":18,"column":56}},"type":"cond-expr","locations":[{"start":{"line":18,"column":50},"end":{"line":18,"column":52}},{"start":{"line":18,"column":50},"end":{"line":18,"column":56}}]},"2":{"loc":{"start":{"line":18,"column":41},"end":{"line":18,"column":52}},"type":"binary-expr","locations":[{"start":{"line":18,"column":41},"end":{"line":18,"column":52}},{"start":{"line":18,"column":50},"end":{"line":18,"column":52}}]},"3":{"loc":{"start":{"line":23,"column":8},"end":{"line":25,"column":9}},"type":"if","locations":[{"start":{"line":23,"column":8},"end":{"line":25,"column":9}},{"start":{},"end":{}}]}},"s":{"0":1,"1":1,"2":1,"3":5,"4":5,"5":5,"6":5,"7":5,"8":5,"9":72,"10":5,"11":0,"12":5,"13":1,"14":1},"f":{"0":5,"1":5,"2":5,"3":72},"b":{"0":[5,0],"1":[0,5],"2":[5,5],"3":[0,5]}}
,"C:\\Users\\ViktarsPc\\Desktop\\Programming\\projects\\nodejs_projects\\payment-exercise\\auth\\src\\middleware\\validate-request.ts": {"path":"C:\\Users\\ViktarsPc\\Desktop\\Programming\\projects\\nodejs_projects\\payment-exercise\\auth\\src\\middleware\\validate-request.ts","statementMap":{"0":{"start":{"line":2,"column":0},"end":{"line":2,"column":53}},"1":{"start":{"line":10,"column":4},"end":{"line":10,"column":40}},"2":{"start":{"line":9,"column":21},"end":{"line":9,"column":46}},"3":{"start":{"line":7,"column":2},"end":{"line":7,"column":19}},"4":{"start":{"line":12,"column":4},"end":{"line":12,"column":66}},"5":{"start":{"line":16,"column":4},"end":{"line":21,"column":7}},"6":{"start":{"line":17,"column":6},"end":{"line":19,"column":7}},"7":{"start":{"line":18,"column":8},"end":{"line":18,"column":53}},"8":{"start":{"line":20,"column":6},"end":{"line":20,"column":34}},"9":{"start":{"line":25,"column":31},"end":{"line":37,"column":1}},"10":{"start":{"line":30,"column":17},"end":{"line":30,"column":38}},"11":{"start":{"line":32,"column":2},"end":{"line":34,"column":3}},"12":{"start":{"line":33,"column":4},"end":{"line":33,"column":53}},"13":{"start":{"line":36,"column":2},"end":{"line":36,"column":9}},"14":{"start":{"line":25,"column":13},"end":{"line":25,"column":31}}},"fnMap":{"0":{"name":"(anonymous_0)","decl":{"start":{"line":9,"column":2},"end":{"line":9,"column":21}},"loc":{"start":{"line":9,"column":46},"end":{"line":13,"column":3}}},"1":{"name":"(anonymous_1)","decl":{"start":{"line":15,"column":2},"end":{"line":15,"column":17}},"loc":{"start":{"line":15,"column":17},"end":{"line":22,"column":3}}},"2":{"name":"(anonymous_2)","decl":{"start":{"line":16,"column":27},"end":{"line":16,"column":28}},"loc":{"start":{"line":16,"column":35},"end":{"line":21,"column":5}}},"3":{"name":"(anonymous_3)","decl":{"start":{"line":25,"column":31},"end":{"line":25,"column":null}},"loc":{"start":{"line":29,"column":4},"end":{"line":37,"column":1}}}},"branchMap":{"0":{"loc":{"start":{"line":17,"column":6},"end":{"line":19,"column":7}},"type":"if","locations":[{"start":{"line":17,"column":6},"end":{"line":19,"column":7}},{"start":{},"end":{}}]},"1":{"loc":{"start":{"line":32,"column":2},"end":{"line":34,"column":3}},"type":"if","locations":[{"start":{"line":32,"column":2},"end":{"line":34,"column":3}},{"start":{},"end":{}}]}},"s":{"0":1,"1":1,"2":1,"3":1,"4":1,"5":0,"6":0,"7":0,"8":0,"9":1,"10":5,"11":5,"12":1,"13":4,"14":1},"f":{"0":1,"1":0,"2":0,"3":5},"b":{"0":[0,0],"1":[1,4]}}
,"C:\\Users\\ViktarsPc\\Desktop\\Programming\\projects\\nodejs_projects\\payment-exercise\\auth\\src\\models\\account.ts": {"path":"C:\\Users\\ViktarsPc\\Desktop\\Programming\\projects\\nodejs_projects\\payment-exercise\\auth\\src\\models\\account.ts","statementMap":{"0":{"start":{"line":1,"column":0},"end":{"line":1,"column":56}},"1":{"start":{"line":3,"column":0},"end":{"line":3,"column":13}},"2":{"start":{"line":8,"column":32},"end":{"line":24,"column":1}},"3":{"start":{"line":9,"column":4},"end":{"line":23,"column":7}},"4":{"start":{"line":8,"column":13},"end":{"line":8,"column":32}}},"fnMap":{"0":{"name":"(anonymous_0)","decl":{"start":{"line":8,"column":32},"end":{"line":8,"column":33}},"loc":{"start":{"line":8,"column":57},"end":{"line":24,"column":1}}}},"branchMap":{},"s":{"0":1,"1":1,"2":1,"3":0,"4":1},"f":{"0":0},"b":{}}
,"C:\\Users\\ViktarsPc\\Desktop\\Programming\\projects\\nodejs_projects\\payment-exercise\\auth\\src\\models\\entry.ts": {"path":"C:\\Users\\ViktarsPc\\Desktop\\Programming\\projects\\nodejs_projects\\payment-exercise\\auth\\src\\models\\entry.ts","statementMap":{"0":{"start":{"line":1,"column":0},"end":{"line":1,"column":56}},"1":{"start":{"line":4,"column":0},"end":{"line":4,"column":13}},"2":{"start":{"line":13,"column":30},"end":{"line":41,"column":1}},"3":{"start":{"line":14,"column":2},"end":{"line":40,"column":5}},"4":{"start":{"line":13,"column":13},"end":{"line":13,"column":30}}},"fnMap":{"0":{"name":"(anonymous_0)","decl":{"start":{"line":13,"column":30},"end":{"line":13,"column":31}},"loc":{"start":{"line":13,"column":55},"end":{"line":41,"column":1}}}},"branchMap":{},"s":{"0":1,"1":1,"2":1,"3":0,"4":1},"f":{"0":0},"b":{}}
,"C:\\Users\\ViktarsPc\\Desktop\\Programming\\projects\\nodejs_projects\\payment-exercise\\auth\\src\\models\\index.ts": {"path":"C:\\Users\\ViktarsPc\\Desktop\\Programming\\projects\\nodejs_projects\\payment-exercise\\auth\\src\\models\\index.ts","statementMap":{"0":{"start":{"line":1,"column":0},"end":{"line":1,"column":9}},"1":{"start":{"line":5,"column":9},"end":{"line":1,"column":44}},"2":{"start":{"line":2,"column":0},"end":{"line":2,"column":9}},"3":{"start":{"line":5,"column":22},"end":{"line":2,"column":36}},"4":{"start":{"line":3,"column":0},"end":{"line":3,"column":9}},"5":{"start":{"line":5,"column":31},"end":{"line":3,"column":32}}},"fnMap":{"0":{"name":"(anonymous_0)","decl":{"start":{"line":5,"column":9},"end":{"line":5,"column":20}},"loc":{"start":{"line":5,"column":9},"end":{"line":1,"column":44}}},"1":{"name":"(anonymous_1)","decl":{"start":{"line":5,"column":22},"end":{"line":5,"column":29}},"loc":{"start":{"line":5,"column":22},"end":{"line":2,"column":36}}},"2":{"name":"(anonymous_2)","decl":{"start":{"line":5,"column":31},"end":{"line":5,"column":36}},"loc":{"start":{"line":5,"column":31},"end":{"line":3,"column":32}}}},"branchMap":{},"s":{"0":1,"1":41,"2":1,"3":26,"4":1,"5":23},"f":{"0":40,"1":25,"2":22},"b":{}}
,"C:\\Users\\ViktarsPc\\Desktop\\Programming\\projects\\nodejs_projects\\payment-exercise\\auth\\src\\models\\transaction.ts": {"path":"C:\\Users\\ViktarsPc\\Desktop\\Programming\\projects\\nodejs_projects\\payment-exercise\\auth\\src\\models\\transaction.ts","statementMap":{"0":{"start":{"line":1,"column":0},"end":{"line":1,"column":56}},"1":{"start":{"line":3,"column":0},"end":{"line":3,"column":13}},"2":{"start":{"line":13,"column":36},"end":{"line":46,"column":3}},"3":{"start":{"line":14,"column":4},"end":{"line":45,"column":7}},"4":{"start":{"line":13,"column":13},"end":{"line":13,"column":36}}},"fnMap":{"0":{"name":"(anonymous_0)","decl":{"start":{"line":13,"column":36},"end":{"line":13,"column":37}},"loc":{"start":{"line":13,"column":61},"end":{"line":46,"column":3}}}},"branchMap":{},"s":{"0":1,"1":1,"2":1,"3":0,"4":1},"f":{"0":0},"b":{}}
,"C:\\Users\\ViktarsPc\\Desktop\\Programming\\projects\\nodejs_projects\\payment-exercise\\auth\\src\\service\\get_account_id.ts": {"path":"C:\\Users\\ViktarsPc\\Desktop\\Programming\\projects\\nodejs_projects\\payment-exercise\\auth\\src\\service\\get_account_id.ts","statementMap":{"0":{"start":{"line":2,"column":28},"end":{"line":4,"column":1}},"1":{"start":{"line":3,"column":4},"end":{"line":3,"column":38}},"2":{"start":{"line":2,"column":13},"end":{"line":2,"column":28}},"3":{"start":{"line":7,"column":52},"end":{"line":13,"column":null}}},"fnMap":{"0":{"name":"(anonymous_0)","decl":{"start":{"line":2,"column":28},"end":{"line":2,"column":29}},"loc":{"start":{"line":2,"column":53},"end":{"line":4,"column":1}}}},"branchMap":{},"s":{"0":1,"1":0,"2":1,"3":1},"f":{"0":0},"b":{}}
}
