TN:
SF:src\index.ts
FN:20,(anonymous_1)
FN:21,(anonymous_2)
FN:24,(anonymous_3)
FNF:3
FNH:0
FNDA:0,(anonymous_1)
FNDA:0,(anonymous_2)
FNDA:0,(anonymous_3)
DA:1,1
DA:2,1
DA:3,1
DA:4,1
DA:5,1
DA:6,1
DA:7,1
DA:10,1
DA:11,1
DA:13,1
DA:14,1
DA:16,1
DA:17,1
DA:19,1
DA:20,0
DA:21,0
DA:22,0
DA:25,0
DA:30,1
LF:19
LH:15
BRDA:19,0,0,0
BRDA:19,0,1,1
BRF:2
BRH:1
end_of_record
TN:
SF:src\config\database.ts
FN:37,connectDB
FNF:1
FNH:0
FNDA:0,connectDB
DA:1,1
DA:2,1
DA:3,1
DA:4,1
DA:5,1
DA:8,1
DA:9,1
DA:10,1
DA:11,1
DA:12,1
DA:15,1
DA:16,1
DA:19,0
DA:38,0
DA:39,0
DA:40,0
DA:42,0
DA:43,0
DA:44,0
DA:46,0
DA:47,0
DA:49,0
DA:50,0
DA:53,0
DA:57,1
LF:25
LH:13
BRDA:15,0,0,1
BRDA:15,0,1,0
BRF:2
BRH:1
end_of_record
TN:
SF:src\config\seed.ts
FN:3,seedAccounts
FNF:1
FNH:0
FNDA:0,seedAccounts
DA:1,1
DA:3,1
DA:4,0
DA:6,0
DA:7,0
DA:8,0
DA:10,0
DA:18,0
DA:20,0
DA:21,0
LF:10
LH:2
BRDA:8,0,0,0
BRDA:8,0,1,0
BRF:2
BRH:0
end_of_record
TN:
SF:src\controller\auth.ts
FN:21,(anonymous_8)
FN:21,(anonymous_9)
FN:78,(anonymous_10)
FN:78,(anonymous_11)
FN:101,(anonymous_12)
FN:101,(anonymous_13)
FNF:6
FNH:6
FNDA:4,(anonymous_8)
FNDA:4,(anonymous_9)
FNDA:1,(anonymous_10)
FNDA:1,(anonymous_11)
FNDA:1,(anonymous_12)
FNDA:1,(anonymous_13)
DA:1,1
DA:2,1
DA:3,1
DA:4,1
DA:6,1
DA:7,1
DA:10,1
DA:12,1
DA:21,4
DA:30,4
DA:34,4
DA:35,4
DA:38,0
DA:41,4
DA:43,2
DA:44,1
DA:45,1
DA:50,1
DA:56,1
DA:65,2
DA:77,2
DA:78,1
DA:79,1
DA:93,1
DA:101,1
DA:103,1
DA:118,1
DA:119,1
DA:123,1
DA:124,1
DA:127,1
DA:130,1
DA:141,1
DA:157,1
DA:169,1
LF:35
LH:34
BRDA:41,0,0,2
BRDA:41,0,1,2
BRDA:43,1,0,1
BRDA:43,1,1,1
BRDA:50,2,0,1
BRDA:50,2,1,0
BRDA:57,3,0,1
BRDA:57,3,1,0
BRDA:58,4,0,1
BRDA:58,4,1,0
BRDA:77,5,0,1
BRDA:77,5,1,1
BRF:12
BRH:9
end_of_record
TN:
SF:src\controller\metrics.ts
FN:6,(anonymous_8)
FN:6,(anonymous_9)
FNF:2
FNH:0
FNDA:0,(anonymous_8)
FNDA:0,(anonymous_9)
DA:1,1
DA:2,1
DA:4,1
DA:6,1
DA:7,0
DA:8,0
DA:9,0
DA:11,0
DA:15,1
LF:9
LH:5
BRF:0
BRH:0
end_of_record
TN:
SF:src\middleware\metrics.ts
FN:13,(anonymous_8)
FN:17,(anonymous_9)
FN:17,(anonymous_10)
FN:22,(anonymous_11)
FNF:4
FNH:4
FNDA:5,(anonymous_8)
FNDA:5,(anonymous_9)
FNDA:5,(anonymous_10)
FNDA:72,(anonymous_11)
DA:2,1
DA:6,1
DA:13,1
DA:15,5
DA:17,5
DA:18,5
DA:21,5
DA:22,72
DA:23,5
DA:24,0
DA:29,5
DA:32,1
LF:12
LH:11
BRDA:18,0,0,5
BRDA:18,0,1,0
BRDA:18,1,0,0
BRDA:18,1,1,5
BRDA:18,2,0,5
BRDA:18,2,1,5
BRDA:23,3,0,0
BRDA:23,3,1,5
BRF:8
BRH:5
end_of_record
TN:
SF:src\middleware\validate-request.ts
FN:9,(anonymous_0)
FN:15,(anonymous_1)
FN:16,(anonymous_2)
FN:25,(anonymous_3)
FNF:4
FNH:2
FNDA:1,(anonymous_0)
FNDA:0,(anonymous_1)
FNDA:0,(anonymous_2)
FNDA:5,(anonymous_3)
DA:2,1
DA:7,1
DA:9,1
DA:10,1
DA:12,1
DA:16,0
DA:17,0
DA:18,0
DA:20,0
DA:25,1
DA:30,5
DA:32,5
DA:33,1
DA:36,4
LF:14
LH:10
BRDA:17,0,0,0
BRDA:17,0,1,0
BRDA:32,1,0,1
BRDA:32,1,1,4
BRF:4
BRH:2
end_of_record
TN:
SF:src\models\account.ts
FN:8,(anonymous_0)
FNF:1
FNH:0
FNDA:0,(anonymous_0)
DA:1,1
DA:3,1
DA:8,1
DA:9,0
LF:4
LH:3
BRF:0
BRH:0
end_of_record
TN:
SF:src\models\entry.ts
FN:13,(anonymous_0)
FNF:1
FNH:0
FNDA:0,(anonymous_0)
DA:1,1
DA:4,1
DA:13,1
DA:14,0
LF:4
LH:3
BRF:0
BRH:0
end_of_record
TN:
SF:src\models\index.ts
FN:5,(anonymous_0)
FN:5,(anonymous_1)
FN:5,(anonymous_2)
FNF:3
FNH:3
FNDA:40,(anonymous_0)
FNDA:25,(anonymous_1)
FNDA:22,(anonymous_2)
DA:1,1
DA:2,1
DA:3,1
DA:5,41
LF:4
LH:4
BRF:0
BRH:0
end_of_record
TN:
SF:src\models\transaction.ts
FN:13,(anonymous_0)
FNF:1
FNH:0
FNDA:0,(anonymous_0)
DA:1,1
DA:3,1
DA:13,1
DA:14,0
LF:4
LH:3
BRF:0
BRH:0
end_of_record
TN:
SF:src\service\get_account_id.ts
FN:2,(anonymous_0)
FNF:1
FNH:0
FNDA:0,(anonymous_0)
DA:2,1
DA:3,0
DA:7,1
LF:3
LH:2
BRF:0
BRH:0
end_of_record
